<?xml version="1.0" encoding="UTF-8"?>
<!-- Generated by org.testng.reporters.JUnitXMLReporter -->
<testsuite ignored="0" hostname="deepesh-HP" failures="0" tests="4" name="GoibiboTest" time="111.67" errors="0" timestamp="2020-09-22T15:18:26 IST">
  <testcase classname="com.goibibo.testScripts.TC03" name="searchReturnsNoResult" time="25.473"/>
  <testcase classname="com.goibibo.testScripts.TC01" name="defaultPageIsFlightSearch" time="36.229"/>
  <testcase classname="com.goibibo.testScripts.TC02" name="userIsAbleToInteractWithElements" time="49.414"/>
  <testcase classname="com.goibibo.testScripts.TC04" name="roundgoibibo" time="63.725"/>
</testsuite> <!-- GoibiboTest -->
